<?xml version="1.0" encoding="UTF-8"?>
<!-- Generated by org.testng.reporters.JUnitReportReporter -->
<testsuite hostname="LAPTOP-A67INA13" failures="0" tests="1" name="com.qa.chilternoak.runners.TestNGRunner" time="157.630" errors="0" timestamp="2023-12-08T18:00:02 IST" skipped="0">
  <testcase classname="com.qa.chilternoak.runners.TestNGRunner" name="runScenario" time="157.630"/>
  <system-out/>
</testsuite> <!-- com.qa.chilternoak.runners.TestNGRunner -->
